[2025-08-17T17:51:24.498] [WARN] [localhost] [docId] [userId] nodeJS - num of CPUs: 20; availableParallelism: 20
[2025-08-17T17:51:24.501] [WARN] [localhost] [docId] [userId] nodeJS - update cluster with 1 workers
[2025-08-17T17:51:24.505] [WARN] [localhost] [docId] [userId] nodeJS - worker 885 started.
[2025-08-17T17:51:24.506] [WARN] [localhost] [docId] [userId] nodeJS - num of CPUs: 20; availableParallelism: 20
[2025-08-17T17:51:24.506] [WARN] [localhost] [docId] [userId] nodeJS - update cluster with 1 workers
[2025-08-17T17:51:50.175] [WARN] [localhost] [docId] [userId] nodeJS - num of CPUs: 20; availableParallelism: 20
[2025-08-17T17:51:50.176] [WARN] [localhost] [docId] [userId] nodeJS - update cluster with 1 workers
[2025-08-17T17:51:50.180] [WARN] [localhost] [docId] [userId] nodeJS - worker 1217 started.
[2025-08-17T17:51:50.180] [WARN] [localhost] [docId] [userId] nodeJS - num of CPUs: 20; availableParallelism: 20
[2025-08-17T17:51:50.180] [WARN] [localhost] [docId] [userId] nodeJS - update cluster with 1 workers
[2025-08-18T12:44:34.361] [WARN] [localhost] [docId] [userId] nodeJS - num of CPUs: 20; availableParallelism: 20
[2025-08-18T12:44:34.363] [WARN] [localhost] [docId] [userId] nodeJS - update cluster with 1 workers
[2025-08-18T12:44:34.367] [WARN] [localhost] [docId] [userId] nodeJS - worker 879 started.
[2025-08-18T12:44:34.368] [WARN] [localhost] [docId] [userId] nodeJS - num of CPUs: 20; availableParallelism: 20
[2025-08-18T12:44:34.368] [WARN] [localhost] [docId] [userId] nodeJS - update cluster with 1 workers
[2025-08-18T12:45:01.979] [WARN] [localhost] [docId] [userId] nodeJS - num of CPUs: 20; availableParallelism: 20
[2025-08-18T12:45:01.983] [WARN] [localhost] [docId] [userId] nodeJS - update cluster with 1 workers
[2025-08-18T12:45:01.988] [WARN] [localhost] [docId] [userId] nodeJS - worker 1211 started.
[2025-08-18T12:45:01.989] [WARN] [localhost] [docId] [userId] nodeJS - num of CPUs: 20; availableParallelism: 20
[2025-08-18T12:45:01.989] [WARN] [localhost] [docId] [userId] nodeJS - update cluster with 1 workers
[2025-08-18T12:53:41.754] [ERROR] [localhost] [d6e0fadd094db2e7a8024468fdc6e0fd] [2] nodeJS - error downloadFile:url=http://host.docker.internal/piattaforma-collaborativa/backend/api/onlyoffice-document.php?id=20;attempt=1;code:ERR_BAD_REQUEST;connect:undefined AxiosError: Request failed with status code 403
    at settle (/snapshot/server/Common/node_modules/axios/dist/node/axios.cjs)
    at RedirectableRequest.handleResponse (/snapshot/server/Common/node_modules/axios/dist/node/axios.cjs)
    at RedirectableRequest.emit (node:events:536:35)
    at RedirectableRequest._processResponse (/snapshot/server/Common/node_modules/follow-redirects/index.js:409:10)
    at ClientRequest.<anonymous> (/snapshot/server/Common/node_modules/follow-redirects/index.js:102:12)
    at Object.onceWrapper (node:events:639:26)
    at ClientRequest.emit (node:events:524:28)
    at HTTPParser.parserOnIncomingClient (node:_http_client:702:27)
    at HTTPParser.parserOnHeadersComplete (node:_http_common:118:17)
    at Socket.socketOnData (node:_http_client:544:22)
    at Axios.request (/snapshot/server/Common/node_modules/axios/dist/node/axios.cjs)
    at process.processTicksAndRejections (node:internal/process/task_queues:95:5)
    at async Object.downloadUrlPromise (/snapshot/server/Common/sources/utils.js)
[2025-08-18T12:53:42.765] [ERROR] [localhost] [d6e0fadd094db2e7a8024468fdc6e0fd] [2] nodeJS - error downloadFile:url=http://host.docker.internal/piattaforma-collaborativa/backend/api/onlyoffice-document.php?id=20;attempt=2;code:ERR_BAD_REQUEST;connect:undefined AxiosError: Request failed with status code 403
    at settle (/snapshot/server/Common/node_modules/axios/dist/node/axios.cjs)
    at RedirectableRequest.handleResponse (/snapshot/server/Common/node_modules/axios/dist/node/axios.cjs)
    at RedirectableRequest.emit (node:events:536:35)
    at RedirectableRequest._processResponse (/snapshot/server/Common/node_modules/follow-redirects/index.js:409:10)
    at ClientRequest.<anonymous> (/snapshot/server/Common/node_modules/follow-redirects/index.js:102:12)
    at Object.onceWrapper (node:events:639:26)
    at ClientRequest.emit (node:events:524:28)
    at HTTPParser.parserOnIncomingClient (node:_http_client:702:27)
    at HTTPParser.parserOnHeadersComplete (node:_http_common:118:17)
    at Socket.socketOnData (node:_http_client:544:22)
    at Axios.request (/snapshot/server/Common/node_modules/axios/dist/node/axios.cjs)
    at process.processTicksAndRejections (node:internal/process/task_queues:95:5)
    at async Object.downloadUrlPromise (/snapshot/server/Common/sources/utils.js)
[2025-08-18T12:53:43.777] [ERROR] [localhost] [d6e0fadd094db2e7a8024468fdc6e0fd] [2] nodeJS - error downloadFile:url=http://host.docker.internal/piattaforma-collaborativa/backend/api/onlyoffice-document.php?id=20;attempt=3;code:ERR_BAD_REQUEST;connect:undefined AxiosError: Request failed with status code 403
    at settle (/snapshot/server/Common/node_modules/axios/dist/node/axios.cjs)
    at RedirectableRequest.handleResponse (/snapshot/server/Common/node_modules/axios/dist/node/axios.cjs)
    at RedirectableRequest.emit (node:events:536:35)
    at RedirectableRequest._processResponse (/snapshot/server/Common/node_modules/follow-redirects/index.js:409:10)
    at ClientRequest.<anonymous> (/snapshot/server/Common/node_modules/follow-redirects/index.js:102:12)
    at Object.onceWrapper (node:events:639:26)
    at ClientRequest.emit (node:events:524:28)
    at HTTPParser.parserOnIncomingClient (node:_http_client:702:27)
    at HTTPParser.parserOnHeadersComplete (node:_http_common:118:17)
    at Socket.socketOnData (node:_http_client:544:22)
    at Axios.request (/snapshot/server/Common/node_modules/axios/dist/node/axios.cjs)
    at process.processTicksAndRejections (node:internal/process/task_queues:95:5)
    at async Object.downloadUrlPromise (/snapshot/server/Common/sources/utils.js)
