[2025-08-17T17:51:24.734] [WARN] [localhost] [docId] [userId] nodeJS - Express server starting...
[2025-08-17T17:51:24.741] [WARN] [localhost] [docId] [userId] nodeJS - notifyLicenseExpiration(): expiration date is not defined
[2025-08-17T17:51:24.741] [WARN] [localhost] [docId] [userId] nodeJS - notifyLicenseExpiration(): expiration date is not defined
[2025-08-17T17:51:24.887] [WARN] [localhost] [docId] [userId] nodeJS - Express server listening on port 8000 in production-linux mode. Version: 9.0.4. Build: 50
[2025-08-17T17:51:45.396] [WARN] [localhost] [docId] [userId] nodeJS - Express server starting...
[2025-08-17T17:51:45.401] [WARN] [localhost] [docId] [userId] nodeJS - notifyLicenseExpiration(): expiration date is not defined
[2025-08-17T17:51:45.402] [WARN] [localhost] [docId] [userId] nodeJS - notifyLicenseExpiration(): expiration date is not defined
[2025-08-17T17:51:45.515] [WARN] [localhost] [docId] [userId] nodeJS - Express server listening on port 8000 in production-linux mode. Version: 9.0.4. Build: 50
[2025-08-18T12:44:34.820] [WARN] [localhost] [docId] [userId] nodeJS - Express server starting...
[2025-08-18T12:44:34.829] [WARN] [localhost] [docId] [userId] nodeJS - notifyLicenseExpiration(): expiration date is not defined
[2025-08-18T12:44:34.830] [WARN] [localhost] [docId] [userId] nodeJS - notifyLicenseExpiration(): expiration date is not defined
[2025-08-18T12:44:34.984] [WARN] [localhost] [docId] [userId] nodeJS - Express server listening on port 8000 in production-linux mode. Version: 9.0.4. Build: 50
[2025-08-18T12:45:00.462] [WARN] [localhost] [docId] [userId] nodeJS - Express server starting...
[2025-08-18T12:45:00.470] [WARN] [localhost] [docId] [userId] nodeJS - notifyLicenseExpiration(): expiration date is not defined
[2025-08-18T12:45:00.470] [WARN] [localhost] [docId] [userId] nodeJS - notifyLicenseExpiration(): expiration date is not defined
[2025-08-18T12:45:00.599] [WARN] [localhost] [docId] [userId] nodeJS - Express server listening on port 8000 in production-linux mode. Version: 9.0.4. Build: 50
[2025-08-18T18:44:31.358] [WARN] [localhost] [f77de9a9b57ad0a38e6bb8e173f195ae] [userId] nodeJS - checkJwt error: name = JsonWebTokenError message = jwt must be provided token = undefined
[2025-08-19T03:51:25.153] [WARN] [localhost] [docId] [userId] nodeJS - Express server starting...
[2025-08-19T03:51:25.154] [WARN] [localhost] [docId] [userId] nodeJS - Set services.CoAuthoring.token.enable.browser, services.CoAuthoring.token.enable.request.inbox, services.CoAuthoring.token.enable.request.outbox in the Document Server config to prevent an unauthorized access to your documents and the substitution of important parameters in Document Server requests.
[2025-08-19T03:51:25.161] [WARN] [localhost] [docId] [userId] nodeJS - notifyLicenseExpiration(): expiration date is not defined
[2025-08-19T03:51:25.162] [WARN] [localhost] [docId] [userId] nodeJS - notifyLicenseExpiration(): expiration date is not defined
[2025-08-19T03:51:25.303] [WARN] [localhost] [docId] [userId] nodeJS - Express server listening on port 8000 in production-linux mode. Version: 9.0.4. Build: 50
[2025-08-19T03:51:47.838] [WARN] [localhost] [docId] [userId] nodeJS - Express server starting...
[2025-08-19T03:51:47.839] [WARN] [localhost] [docId] [userId] nodeJS - Set services.CoAuthoring.token.enable.browser, services.CoAuthoring.token.enable.request.inbox, services.CoAuthoring.token.enable.request.outbox in the Document Server config to prevent an unauthorized access to your documents and the substitution of important parameters in Document Server requests.
[2025-08-19T03:51:47.846] [WARN] [localhost] [docId] [userId] nodeJS - notifyLicenseExpiration(): expiration date is not defined
[2025-08-19T03:51:47.846] [WARN] [localhost] [docId] [userId] nodeJS - notifyLicenseExpiration(): expiration date is not defined
[2025-08-19T03:51:47.960] [WARN] [localhost] [docId] [userId] nodeJS - Express server listening on port 8000 in production-linux mode. Version: 9.0.4. Build: 50
[2025-08-19T03:55:49.888] [WARN] [localhost] [docId] [userId] nodeJS - Express server starting...
[2025-08-19T03:55:49.889] [WARN] [localhost] [docId] [userId] nodeJS - Set services.CoAuthoring.token.enable.browser, services.CoAuthoring.token.enable.request.inbox, services.CoAuthoring.token.enable.request.outbox in the Document Server config to prevent an unauthorized access to your documents and the substitution of important parameters in Document Server requests.
[2025-08-19T03:55:49.895] [WARN] [localhost] [docId] [userId] nodeJS - notifyLicenseExpiration(): expiration date is not defined
[2025-08-19T03:55:49.896] [WARN] [localhost] [docId] [userId] nodeJS - notifyLicenseExpiration(): expiration date is not defined
[2025-08-19T03:55:50.052] [WARN] [localhost] [docId] [userId] nodeJS - Express server listening on port 8000 in production-linux mode. Version: 9.0.4. Build: 50
[2025-08-19T03:56:13.085] [WARN] [localhost] [docId] [userId] nodeJS - Express server starting...
[2025-08-19T03:56:13.086] [WARN] [localhost] [docId] [userId] nodeJS - Set services.CoAuthoring.token.enable.browser, services.CoAuthoring.token.enable.request.inbox, services.CoAuthoring.token.enable.request.outbox in the Document Server config to prevent an unauthorized access to your documents and the substitution of important parameters in Document Server requests.
[2025-08-19T03:56:13.091] [WARN] [localhost] [docId] [userId] nodeJS - notifyLicenseExpiration(): expiration date is not defined
[2025-08-19T03:56:13.092] [WARN] [localhost] [docId] [userId] nodeJS - notifyLicenseExpiration(): expiration date is not defined
[2025-08-19T03:56:13.212] [WARN] [localhost] [docId] [userId] nodeJS - Express server listening on port 8000 in production-linux mode. Version: 9.0.4. Build: 50
[2025-08-19T05:34:26.596] [WARN] [localhost] [docId] [userId] nodeJS - Express server starting...
[2025-08-19T05:34:26.597] [WARN] [localhost] [docId] [userId] nodeJS - Set services.CoAuthoring.token.enable.browser, services.CoAuthoring.token.enable.request.inbox, services.CoAuthoring.token.enable.request.outbox in the Document Server config to prevent an unauthorized access to your documents and the substitution of important parameters in Document Server requests.
[2025-08-19T05:34:26.603] [WARN] [localhost] [docId] [userId] nodeJS - notifyLicenseExpiration(): expiration date is not defined
[2025-08-19T05:34:26.604] [WARN] [localhost] [docId] [userId] nodeJS - notifyLicenseExpiration(): expiration date is not defined
[2025-08-19T05:34:26.748] [WARN] [localhost] [docId] [userId] nodeJS - Express server listening on port 8000 in production-linux mode. Version: 9.0.4. Build: 50
[2025-08-19T05:34:47.303] [WARN] [localhost] [docId] [userId] nodeJS - Express server starting...
[2025-08-19T05:34:47.304] [WARN] [localhost] [docId] [userId] nodeJS - Set services.CoAuthoring.token.enable.browser, services.CoAuthoring.token.enable.request.inbox, services.CoAuthoring.token.enable.request.outbox in the Document Server config to prevent an unauthorized access to your documents and the substitution of important parameters in Document Server requests.
[2025-08-19T05:34:47.309] [WARN] [localhost] [docId] [userId] nodeJS - notifyLicenseExpiration(): expiration date is not defined
[2025-08-19T05:34:47.310] [WARN] [localhost] [docId] [userId] nodeJS - notifyLicenseExpiration(): expiration date is not defined
[2025-08-19T05:34:47.427] [WARN] [localhost] [docId] [userId] nodeJS - Express server listening on port 8000 in production-linux mode. Version: 9.0.4. Build: 50
[2025-08-19T07:30:56.407] [ERROR] [localhost] [test_1755588653_7539] [test_user_rkdvbeko092e8er9iu49mlggad] nodeJS - postData error: url = http://host.docker.internal/piattaforma-collaborativa/backend/api/onlyoffice-callback.php?doc=22;data = {"key":"test_1755588653_7539","status":1,"users":["test_user_rkdvbeko092e8er9iu49mlggad"],"actions":[{"type":1,"userid":"test_user_rkdvbeko092e8er9iu49mlggad"}]} Error: DNS lookup 192.168.65.254(family:4, host:host.docker.internal) is not allowed. Because, It is private IP address.
    at Function.from (/snapshot/server/Common/node_modules/axios/dist/node/axios.cjs)
    at RedirectableRequest.handleRequestError (/snapshot/server/Common/node_modules/axios/dist/node/axios.cjs)
    at RedirectableRequest.emit (node:events:536:35)
    at ClientRequest.<anonymous> (/snapshot/server/Common/node_modules/follow-redirects/index.js:49:24)
    at ClientRequest.emit (node:events:524:28)
    at emitErrorEvent (node:_http_client:101:11)
    at Socket.socketErrorListener (node:_http_client:504:5)
    at Socket.emit (node:events:524:28)
    at emitErrorNT (node:internal/streams/destroy:169:8)
    at emitErrorCloseNT (node:internal/streams/destroy:128:3)
    at Axios.request (/snapshot/server/Common/node_modules/axios/dist/node/axios.cjs)
    at process.processTicksAndRejections (node:internal/process/task_queues:95:5)
    at async Object.postRequestPromise (/snapshot/server/Common/sources/utils.js)
    at async sendServerRequest (/snapshot/server/DocService/sources/DocsCoServer.js)
    at async sendStatusDocument (/snapshot/server/DocService/sources/DocsCoServer.js)
