[2025-08-06 12:52:53] Connessione database OK
[2025-08-06 12:52:53] 
=== PULIZIA DOCUMENTI DI TEST ===
[2025-08-06 12:52:53] Trovati 7 documenti di test senza file fisici
[2025-08-06 12:52:53]   - ID 1: Manuale QualitÓ ISO 9001
[2025-08-06 12:52:53]   - ID 2: Procedura Accettazione Pazienti
[2025-08-06 12:52:53]   - ID 3: Organigramma Aziendale
[2025-08-06 12:52:53]   - ID 4: Progetto Villa Rossi
[2025-08-06 12:52:53]   - ID 5: Contratto Fornitore Marmo
[2025-08-06 12:52:53]   - ID 6: Brevetto Dispositivo Medico
[2025-08-06 12:52:53]   - ID 7: Manuale Tecnico Prodotto X
[2025-08-06 12:52:53] ✓ Eliminati 7 documenti di test
[2025-08-06 12:52:53] 
=== ANALISI TABELLE VUOTE ===
[2025-08-06 12:52:53]   ✓ allegati: vuota (0 record) - SAFE TO REMOVE
[2025-08-06 12:52:53]   ✓ autorizzazioni_sanitarie: vuota (0 record) - SAFE TO REMOVE
[2025-08-06 12:52:53]   ✓ checklist_conformita: vuota (0 record) - SAFE TO REMOVE
[2025-08-06 12:52:53]   ✓ classificazioni: vuota (0 record) - SAFE TO REMOVE
[2025-08-06 12:52:53]   ✓ conformita_azienda: vuota (0 record) - SAFE TO REMOVE
[2025-08-06 12:52:53]   ✓ gdpr_consent: vuota (0 record) - SAFE TO REMOVE
[2025-08-06 12:52:53]   ⚠ impostazioni_iso_azienda: contiene 1 record - SKIP
[2025-08-06 12:52:53]   ✓ ip_blacklist: vuota (0 record) - SAFE TO REMOVE
[2025-08-06 12:52:53]   ✓ ip_whitelist: vuota (0 record) - SAFE TO REMOVE
[2025-08-06 12:52:53]   ✓ newsletter: vuota (0 record) - SAFE TO REMOVE
[2025-08-06 12:52:53]   ✓ rate_limit_blacklist: vuota (0 record) - SAFE TO REMOVE
[2025-08-06 12:52:53]   ✓ rate_limit_whitelist: vuota (0 record) - SAFE TO REMOVE
[2025-08-06 12:52:53]   ✓ temi_azienda: vuota (0 record) - SAFE TO REMOVE
[2025-08-06 12:52:53]   ✓ versioni_documenti_iso: vuota (0 record) - SAFE TO REMOVE
[2025-08-06 12:52:53] 
=== RIMOZIONE TABELLE NON UTILIZZATE ===
[2025-08-06 12:52:53] Tabelle da rimuovere: 13
[2025-08-06 12:52:53]   ✓ Rimossa tabella: allegati
[2025-08-06 12:52:53]   ✓ Rimossa tabella: autorizzazioni_sanitarie
[2025-08-06 12:52:53]   ✓ Rimossa tabella: checklist_conformita
[2025-08-06 12:52:53]   ✓ Rimossa tabella: classificazioni
[2025-08-06 12:52:53]   ✓ Rimossa tabella: conformita_azienda
[2025-08-06 12:52:53]   ✓ Rimossa tabella: gdpr_consent
[2025-08-06 12:52:53]   ✓ Rimossa tabella: ip_blacklist
[2025-08-06 12:52:53]   ✓ Rimossa tabella: ip_whitelist
[2025-08-06 12:52:53]   ✓ Rimossa tabella: newsletter
[2025-08-06 12:52:53]   ✓ Rimossa tabella: rate_limit_blacklist
[2025-08-06 12:52:53]   ✓ Rimossa tabella: rate_limit_whitelist
[2025-08-06 12:52:53]   ✓ Rimossa tabella: temi_azienda
[2025-08-06 12:52:53]   ✓ Rimossa tabella: versioni_documenti_iso
[2025-08-06 12:52:53] ✓ Rimosse 13 tabelle non utilizzate
[2025-08-06 12:52:53] 
=== OTTIMIZZAZIONE DATABASE ===
[2025-08-06 12:52:53] ✓ Ottimizzate 1 tabelle
[2025-08-06 12:52:53] 
=== REPORT FINALE ===
[2025-08-06 12:52:53] ERRORE FATALE: SQLSTATE[HY000]: General error: 2014 Cannot execute queries while other unbuffered queries are active.  Consider using PDOStatement::fetchAll().  Alternatively, if your code is only ever going to run against mysql, you may enable query buffering by setting the PDO::MYSQL_ATTR_USE_BUFFERED_QUERY attribute.
