[2025-08-18 05:51:59] [info] Configuration loaded {"public_url":"http:\/\/localhost:8082","internal_url":"http:\/\/localhost:8082","callback_url":"http:\/\/host.docker.internal\\\/backend\/api\/onlyoffice-callback.php","jwt_enabled":false,"production":false}
[2025-08-18 07:30:28] [info] Configuration loaded {"public_url":"http:\/\/localhost:8082","internal_url":"http:\/\/localhost:8082","callback_url":"http:\/\/host.docker.internal\\\/backend\/api\/onlyoffice-callback.php","jwt_enabled":true,"production":false}
[2025-08-18 08:44:51] [info] Configuration loaded {"public_url":"http:\/\/localhost:8082","internal_url":"http:\/\/localhost:8082","callback_url":"http:\/\/host.docker.internal\/piattaforma-collaborativa\/backend\/api\/onlyoffice-callback.php","jwt_enabled":true,"production":false}
[2025-08-18 09:26:56] [info] Configuration loaded {"public_url":"http:\/\/localhost:8082","internal_url":"http:\/\/localhost:8082","callback_url":"http:\/\/host.docker.internal\/piattaforma-collaborativa\/backend\/api\/onlyoffice-callback.php","jwt_enabled":true,"production":false}
[2025-08-18 09:26:57] [info] Configuration loaded {"public_url":"http:\/\/localhost:8082","internal_url":"http:\/\/localhost:8082","callback_url":"http:\/\/host.docker.internal\/piattaforma-collaborativa\/backend\/api\/onlyoffice-callback.php","jwt_enabled":true,"production":false}
[2025-08-18 09:27:06] [info] Configuration loaded {"public_url":"http:\/\/localhost:8082","internal_url":"http:\/\/localhost:8082","callback_url":"http:\/\/host.docker.internal\/piattaforma-collaborativa\/backend\/api\/onlyoffice-callback.php","jwt_enabled":true,"production":false}
[2025-08-18 09:27:09] [info] Configuration loaded {"public_url":"http:\/\/localhost:8082","internal_url":"http:\/\/localhost:8082","callback_url":"http:\/\/host.docker.internal\/piattaforma-collaborativa\/backend\/api\/onlyoffice-callback.php","jwt_enabled":true,"production":false}
[2025-08-18 09:59:47] [info] Configuration loaded {"public_url":"http:\/\/localhost:8082","internal_url":"http:\/\/localhost:8082","callback_url":"http:\/\/host.docker.internal\/piattaforma-collaborativa\/backend\/api\/onlyoffice-callback.php","jwt_enabled":true,"production":false}
[2025-08-18 09:59:56] [info] Configuration loaded {"public_url":"http:\/\/localhost:8082","internal_url":"http:\/\/localhost:8082","callback_url":"http:\/\/host.docker.internal\/piattaforma-collaborativa\/backend\/api\/onlyoffice-callback.php","jwt_enabled":true,"production":false}
[2025-08-18 10:00:00] [info] Configuration loaded {"public_url":"http:\/\/localhost:8082","internal_url":"http:\/\/localhost:8082","callback_url":"http:\/\/host.docker.internal\/piattaforma-collaborativa\/backend\/api\/onlyoffice-callback.php","jwt_enabled":true,"production":false}
[2025-08-18 10:00:05] [info] Configuration loaded {"public_url":"http:\/\/localhost:8082","internal_url":"http:\/\/localhost:8082","callback_url":"http:\/\/host.docker.internal\/piattaforma-collaborativa\/backend\/api\/onlyoffice-callback.php","jwt_enabled":true,"production":false}
[2025-08-18 10:24:24] [info] Configuration loaded {"public_url":"http:\/\/localhost:8082","internal_url":"http:\/\/localhost:8082","callback_url":"http:\/\/host.docker.internal\/piattaforma-collaborativa\/backend\/api\/onlyoffice-callback.php","jwt_enabled":true,"production":false}
[2025-08-18 12:35:33] [info] Configuration loaded {"public_url":"http:\/\/localhost:8082","internal_url":"http:\/\/localhost:8082","callback_url":"http:\/\/host.docker.internal\/piattaforma-collaborativa\/backend\/api\/onlyoffice-callback.php","jwt_enabled":true,"production":false}
[2025-08-18 12:36:08] [info] Configuration loaded {"public_url":"http:\/\/localhost:8082","internal_url":"http:\/\/localhost:8082","callback_url":"http:\/\/host.docker.internal\/piattaforma-collaborativa\/backend\/api\/onlyoffice-callback.php","jwt_enabled":true,"production":false}
[2025-08-18 14:53:28] [info] Configuration loaded {"public_url":"http:\/\/localhost:8082","internal_url":"http:\/\/localhost:8082","callback_url":"http:\/\/host.docker.internal\/piattaforma-collaborativa\/backend\/api\/onlyoffice-callback.php","jwt_enabled":true,"production":false}
[2025-08-18 14:53:41] [info] Callback processed {"status":1,"key":"d6e0fadd094db2e7a8024468fdc6e0fd","users":["2"],"forcesavetype":0}
[2025-08-18 14:54:17] [info] Callback processed {"status":4,"key":"d6e0fadd094db2e7a8024468fdc6e0fd","users":[],"forcesavetype":0}
[2025-08-18 14:54:49] [info] Configuration loaded {"public_url":"http:\/\/localhost:8082","internal_url":"http:\/\/localhost:8082","callback_url":"http:\/\/host.docker.internal\/piattaforma-collaborativa\/backend\/api\/onlyoffice-callback.php","jwt_enabled":true,"production":false}
[2025-08-18 15:11:38] [info] Configuration loaded {"public_url":"http:\/\/localhost:8082","internal_url":"http:\/\/localhost:8082","callback_url":"http:\/\/host.docker.internal\/piattaforma-collaborativa\/backend\/api\/onlyoffice-callback.php","jwt_enabled":true,"production":false}
[2025-08-18 15:11:40] [info] Configuration loaded {"public_url":"http:\/\/localhost:8082","internal_url":"http:\/\/localhost:8082","callback_url":"http:\/\/host.docker.internal\/piattaforma-collaborativa\/backend\/api\/onlyoffice-callback.php","jwt_enabled":true,"production":false}
[2025-08-18 15:11:44] [info] Configuration loaded {"public_url":"http:\/\/localhost:8082","internal_url":"http:\/\/localhost:8082","callback_url":"http:\/\/host.docker.internal\/piattaforma-collaborativa\/backend\/api\/onlyoffice-callback.php","jwt_enabled":true,"production":false}
[2025-08-18 15:14:50] [info] Configuration loaded {"public_url":"http:\/\/localhost:8082","internal_url":"http:\/\/localhost:8082","callback_url":"http:\/\/host.docker.internal\/piattaforma-collaborativa\/backend\/api\/onlyoffice-callback.php","jwt_enabled":true,"production":false}
[2025-08-18 15:14:53] [info] Configuration loaded {"public_url":"http:\/\/localhost:8082","internal_url":"http:\/\/localhost:8082","callback_url":"http:\/\/host.docker.internal\/piattaforma-collaborativa\/backend\/api\/onlyoffice-callback.php","jwt_enabled":true,"production":false}
[2025-08-18 15:15:02] [info] Configuration loaded {"public_url":"http:\/\/localhost:8082","internal_url":"http:\/\/localhost:8082","callback_url":"http:\/\/host.docker.internal\/piattaforma-collaborativa\/backend\/api\/onlyoffice-callback.php","jwt_enabled":true,"production":false}
[2025-08-18 15:20:22] [info] Configuration loaded {"public_url":"http:\/\/localhost:8082","internal_url":"http:\/\/localhost:8082","callback_url":"http:\/\/host.docker.internal\/piattaforma-collaborativa\/backend\/api\/onlyoffice-callback.php","jwt_enabled":true,"production":false}
[2025-08-18 15:20:24] [info] Configuration loaded {"public_url":"http:\/\/localhost:8082","internal_url":"http:\/\/localhost:8082","callback_url":"http:\/\/host.docker.internal\/piattaforma-collaborativa\/backend\/api\/onlyoffice-callback.php","jwt_enabled":true,"production":false}
[2025-08-18 15:20:28] [info] Configuration loaded {"public_url":"http:\/\/localhost:8082","internal_url":"http:\/\/localhost:8082","callback_url":"http:\/\/host.docker.internal\/piattaforma-collaborativa\/backend\/api\/onlyoffice-callback.php","jwt_enabled":true,"production":false}
[2025-08-18 15:27:09] [info] Configuration loaded {"public_url":"http:\/\/localhost:8082","internal_url":"http:\/\/localhost:8082","callback_url":"http:\/\/host.docker.internal\/piattaforma-collaborativa\/backend\/api\/onlyoffice-callback.php","jwt_enabled":true,"production":false}
[2025-08-18 15:27:11] [info] Configuration loaded {"public_url":"http:\/\/localhost:8082","internal_url":"http:\/\/localhost:8082","callback_url":"http:\/\/host.docker.internal\/piattaforma-collaborativa\/backend\/api\/onlyoffice-callback.php","jwt_enabled":true,"production":false}
[2025-08-18 15:27:12] [info] Configuration loaded {"public_url":"http:\/\/localhost:8082","internal_url":"http:\/\/localhost:8082","callback_url":"http:\/\/host.docker.internal\/piattaforma-collaborativa\/backend\/api\/onlyoffice-callback.php","jwt_enabled":true,"production":false}
[2025-08-18 15:48:42] [info] Configuration loaded {"public_url":"http:\/\/localhost:8082","internal_url":"http:\/\/localhost:8082","callback_url":"http:\/\/host.docker.internal\/piattaforma-collaborativa\/backend\/api\/onlyoffice-callback.php","jwt_enabled":true,"production":false}
[2025-08-18 15:58:02] [info] Configuration loaded {"public_url":"http:\/\/localhost:8082","internal_url":"http:\/\/localhost:8082","callback_url":"http:\/\/host.docker.internal\/piattaforma-collaborativa\/backend\/api\/onlyoffice-callback.php","jwt_enabled":true,"production":false}
